<?xml version="1.0" encoding="UTF-8"?>
<!-- Generated by org.testng.reporters.JUnitXMLReporter -->
<testsuite ignored="0" hostname="DESKTOP-LGOJ7E9" failures="3" tests="6" name="Test" time="171.812" errors="0" timestamp="2022-08-24T14:50:57 IST">
  <testcase classname="Testcases.Verify_LandingPage" name="verifyHeaderLinks" time="17.036">
    <failure type="org.openqa.selenium.ElementClickInterceptedException" message="element click intercepted: Element &amp;lt;button _ngcontent-rbe-c52=&amp;quot;&amp;quot; class=&amp;quot;btn select-plan-btn&amp;quot;&amp;gt;...&amp;lt;/button&amp;gt; is not clickable at point (864, 605). Other element would receive the click: &amp;lt;div _ngcontent-rbe-c46=&amp;quot;&amp;quot; class=&amp;quot;register_white&amp;quot;&amp;gt;...&amp;lt;/div&amp;gt;
  (Session info: chrome=104.0.5112.101)
Build info: version: &amp;apos;3.141.59&amp;apos;, revision: &amp;apos;e82be7d358&amp;apos;, time: &amp;apos;2018-11-14T08:17:03&amp;apos;
System info: host: &amp;apos;DESKTOP-LGOJ7E9&amp;apos;, ip: &amp;apos;173.16.65.3&amp;apos;, os.name: &amp;apos;Windows 10&amp;apos;, os.arch: &amp;apos;amd64&amp;apos;, os.version: &amp;apos;10.0&amp;apos;, java.version: &amp;apos;17.0.3&amp;apos;
Driver info: org.openqa.selenium.chrome.ChromeDriver
Capabilities {acceptInsecureCerts: false, browserName: chrome, browserVersion: 104.0.5112.101, chrome: {chromedriverVersion: 104.0.5112.79 (3cf3e8c8a07d..., userDataDir: C:\Users\Acer\AppData\Local...}, goog:chromeOptions: {debuggerAddress: localhost:51760}, javascriptEnabled: true, networkConnectionEnabled: false, pageLoadStrategy: normal, platform: WINDOWS, platformName: WINDOWS, proxy: Proxy(), setWindowRect: true, strictFileInteractability: false, timeouts: {implicit: 0, pageLoad: 300000, script: 30000}, unhandledPromptBehavior: dismiss and notify, webauthn:extension:credBlob: true, webauthn:extension:largeBlob: true, webauthn:virtualAuthenticators: true}
Session ID: 02953ac3c3c0b761ab5156b81193b219">
      <![CDATA[org.openqa.selenium.ElementClickInterceptedException: element click intercepted: Element <button _ngcontent-rbe-c52="" class="btn select-plan-btn">...</button> is not clickable at point (864, 605). Other element would receive the click: <div _ngcontent-rbe-c46="" class="register_white">...</div>
  (Session info: chrome=104.0.5112.101)
Build info: version: '3.141.59', revision: 'e82be7d358', time: '2018-11-14T08:17:03'
System info: host: 'DESKTOP-LGOJ7E9', ip: '173.16.65.3', os.name: 'Windows 10', os.arch: 'amd64', os.version: '10.0', java.version: '17.0.3'
Driver info: org.openqa.selenium.chrome.ChromeDriver
Capabilities {acceptInsecureCerts: false, browserName: chrome, browserVersion: 104.0.5112.101, chrome: {chromedriverVersion: 104.0.5112.79 (3cf3e8c8a07d..., userDataDir: C:\Users\Acer\AppData\Local...}, goog:chromeOptions: {debuggerAddress: localhost:51760}, javascriptEnabled: true, networkConnectionEnabled: false, pageLoadStrategy: normal, platform: WINDOWS, platformName: WINDOWS, proxy: Proxy(), setWindowRect: true, strictFileInteractability: false, timeouts: {implicit: 0, pageLoad: 300000, script: 30000}, unhandledPromptBehavior: dismiss and notify, webauthn:extension:credBlob: true, webauthn:extension:largeBlob: true, webauthn:virtualAuthenticators: true}
Session ID: 02953ac3c3c0b761ab5156b81193b219
at org.openqa.selenium.remote.http.W3CHttpResponseCodec.createException(W3CHttpResponseCodec.java:187)
at org.openqa.selenium.remote.http.W3CHttpResponseCodec.decode(W3CHttpResponseCodec.java:122)
at org.openqa.selenium.remote.http.W3CHttpResponseCodec.decode(W3CHttpResponseCodec.java:49)
at org.openqa.selenium.remote.HttpCommandExecutor.execute(HttpCommandExecutor.java:158)
at org.openqa.selenium.remote.service.DriverCommandExecutor.execute(DriverCommandExecutor.java:83)
at org.openqa.selenium.remote.RemoteWebDriver.execute(RemoteWebDriver.java:552)
at org.openqa.selenium.remote.RemoteWebElement.execute(RemoteWebElement.java:285)
at org.openqa.selenium.remote.RemoteWebElement.click(RemoteWebElement.java:84)
at PageObjects.LandingPage.checkHeaderLinks(LandingPage.java:200)
at Testcases.Verify_LandingPage.verifyHeaderLinks(Verify_LandingPage.java:35)
at java.base/java.util.ArrayList.forEach(ArrayList.java:1511)
... Removed 32 stack frames]]>
    </failure>
  </testcase> <!-- verifyHeaderLinks -->
  <testcase classname="Testcases.Verify_LandingPage" name="verifyFooterLinks" time="27.185"/>
  <testcase classname="Testcases.Verify_LandingPage" name="verifySocialLinks" time="24.021"/>
  <testcase classname="Testcases.Verify_LandingPage" name="verifySigninLinks" time="19.635"/>
  <testcase classname="Testcases.Verify_LandingPage" name="verifyFooterText" time="6.073">
    <failure type="java.lang.AssertionError" message="The following asserts failed:
	Footer doesnt match expected [Ifyouareinacrisisorindangerofharmingyourself,pleasecalltheNationalSuicidePreventionLifelineat1-800-273-TALK(8255).MamaLiftisavailablebasedonthecurrentFDAEnforcementDiscretionPolicyforDigitalHealthDevicesforPsychiatricDisordersandisintendedforusebywomen18yearsandolderwhowishtomanagetheirsymptomsofdepressionandanxiety.MamaLiftdoesnotprovidemedicaladviceandisnotintendedtoreplacetreatmentbyalicensedhealthcareprofessional.MamaLifthasnotbeenclearedbytheFDAfortheseindications.] but found [Ifyouareinacrisisorindangerofharmingyourself,pleasecalltheNationalSuicidePreventionLifelineat1-800-273-TALK(8255).MamaLiftisamedicaldeviceavailableundertheFDAGeneralWellnessPolicyforLowRiskDevices.MamaLiftisintendedforusebywomen,aspartofahealthylifestyle,tohelpreducetheirriskofdepressionoranxietyduringpregnancyorfollowingdelivery.MamaLiftdoesnotprovidemedicaladviceandisnotintendedtotreatanydiseaseorreplacetreatmentbyalicensedhealthcareprofessional.]">
      <![CDATA[java.lang.AssertionError: The following asserts failed:
Footer doesnt match expected [Ifyouareinacrisisorindangerofharmingyourself,pleasecalltheNationalSuicidePreventionLifelineat1-800-273-TALK(8255).MamaLiftisavailablebasedonthecurrentFDAEnforcementDiscretionPolicyforDigitalHealthDevicesforPsychiatricDisordersandisintendedforusebywomen18yearsandolderwhowishtomanagetheirsymptomsofdepressionandanxiety.MamaLiftdoesnotprovidemedicaladviceandisnotintendedtoreplacetreatmentbyalicensedhealthcareprofessional.MamaLifthasnotbeenclearedbytheFDAfortheseindications.] but found [Ifyouareinacrisisorindangerofharmingyourself,pleasecalltheNationalSuicidePreventionLifelineat1-800-273-TALK(8255).MamaLiftisamedicaldeviceavailableundertheFDAGeneralWellnessPolicyforLowRiskDevices.MamaLiftisintendedforusebywomen,aspartofahealthylifestyle,tohelpreducetheirriskofdepressionoranxietyduringpregnancyorfollowingdelivery.MamaLiftdoesnotprovidemedicaladviceandisnotintendedtotreatanydiseaseorreplacetreatmentbyalicensedhealthcareprofessional.]
at PageObjects.LandingPage.checkFooterText(LandingPage.java:171)
at Testcases.Verify_LandingPage.verifyFooterText(Verify_LandingPage.java:59)
at java.base/java.util.ArrayList.forEach(ArrayList.java:1511)
... Removed 29 stack frames]]>
    </failure>
  </testcase> <!-- verifyFooterText -->
  <testcase classname="Testcases.Verify_LandingPage" name="verifyGetstartedTabs" time="57.359">
    <failure type="java.lang.IndexOutOfBoundsException" message="Index 1 out of bounds for length 0">
      <![CDATA[java.lang.IndexOutOfBoundsException: Index 1 out of bounds for length 0
at java.base/jdk.internal.util.Preconditions.outOfBounds(Preconditions.java:64)
at java.base/jdk.internal.util.Preconditions.outOfBoundsCheckIndex(Preconditions.java:70)
at java.base/jdk.internal.util.Preconditions.checkIndex(Preconditions.java:266)
at java.base/java.util.Objects.checkIndex(Objects.java:359)
at java.base/java.util.ArrayList.get(ArrayList.java:427)
at org.openqa.selenium.support.pagefactory.internal.LocatingElementListHandler.invoke(LocatingElementListHandler.java:39)
at jdk.proxy2/jdk.proxy2.$Proxy13.get(Unknown Source)
at PageObjects.LandingPage.checkGetstartedTabs(LandingPage.java:389)
at Testcases.Verify_LandingPage.verifyGetstartedTabs(Verify_LandingPage.java:67)
at java.base/java.util.ArrayList.forEach(ArrayList.java:1511)
... Removed 31 stack frames]]>
    </failure>
  </testcase> <!-- verifyGetstartedTabs -->
</testsuite> <!-- Test -->
