<?xml version="1.0" encoding="UTF-8"?>
<!-- Generated by org.testng.reporters.JUnitReportReporter -->
<testsuite hostname="DESKTOP-LGOJ7E9" failures="0" tests="10" name="Testcases.VerifyCobrandingCustomer_HospitalRegisteration" time="11.050" errors="1" timestamp="2022-08-24T17:42:22 IST" skipped="9">
  <testcase classname="Testcases.VerifyCobrandingCustomer_HospitalRegisteration" name="launchBrowser" time="11.050">
    <error message="Cannot locate an element using xpath=//input[@id=&#039;InputEmail&#039;]
For documentation on this error, please visit: https://www.seleniumhq.org/exceptions/no_such_element.html
Build info: version: &#039;3.141.59&#039;, revision: &#039;e82be7d358&#039;, time: &#039;2018-11-14T08:17:03&#039;
System info: host: &#039;DESKTOP-LGOJ7E9&#039;, ip: &#039;173.16.65.3&#039;, os.name: &#039;Windows 10&#039;, os.arch: &#039;amd64&#039;, os.version: &#039;10.0&#039;, java.version: &#039;17.0.3&#039;
Driver info: driver.version: RemoteWebDriver" type="org.openqa.selenium.NoSuchElementException">
      <![CDATA[org.openqa.selenium.NoSuchElementException: Cannot locate an element using xpath=//input[@id='InputEmail']
For documentation on this error, please visit: https://www.seleniumhq.org/exceptions/no_such_element.html
Build info: version: '3.141.59', revision: 'e82be7d358', time: '2018-11-14T08:17:03'
System info: host: 'DESKTOP-LGOJ7E9', ip: '173.16.65.3', os.name: 'Windows 10', os.arch: 'amd64', os.version: '10.0', java.version: '17.0.3'
Driver info: driver.version: RemoteWebDriver
at org.openqa.selenium.remote.RemoteWebDriver.findElement(RemoteWebDriver.java:327)
at org.openqa.selenium.remote.RemoteWebDriver.findElementByXPath(RemoteWebDriver.java:428)
at org.openqa.selenium.By$ByXPath.findElement(By.java:353)
at org.openqa.selenium.remote.RemoteWebDriver.findElement(RemoteWebDriver.java:315)
at org.openqa.selenium.support.pagefactory.DefaultElementLocator.findElement(DefaultElementLocator.java:69)
at org.openqa.selenium.support.pagefactory.internal.LocatingElementHandler.invoke(LocatingElementHandler.java:38)
at jdk.proxy2/jdk.proxy2.$Proxy12.sendKeys(Unknown Source)
at PageObjects.SuperAdmin_LoginPage.Login(SuperAdmin_LoginPage.java:51)
at Testcases.VerifyCobrandingCustomer_HospitalRegisteration.launchBrowser(VerifyCobrandingCustomer_HospitalRegisteration.java:38)
at java.base/jdk.internal.reflect.NativeMethodAccessorImpl.invoke0(Native Method)
at java.base/jdk.internal.reflect.NativeMethodAccessorImpl.invoke(NativeMethodAccessorImpl.java:77)
at java.base/jdk.internal.reflect.DelegatingMethodAccessorImpl.invoke(DelegatingMethodAccessorImpl.java:43)
at java.base/java.lang.reflect.Method.invoke(Method.java:568)
at org.testng.internal.MethodInvocationHelper.invokeMethod(MethodInvocationHelper.java:133)
at org.testng.internal.MethodInvocationHelper.invokeMethodConsideringTimeout(MethodInvocationHelper.java:62)
at org.testng.internal.ConfigInvoker.invokeConfigurationMethod(ConfigInvoker.java:385)
at org.testng.internal.ConfigInvoker.invokeConfigurations(ConfigInvoker.java:321)
at org.testng.TestRunner.invokeTestConfigurations(TestRunner.java:637)
at org.testng.TestRunner.beforeRun(TestRunner.java:627)
at org.testng.TestRunner.run(TestRunner.java:589)
at org.testng.SuiteRunner.runTest(SuiteRunner.java:377)
at org.testng.SuiteRunner.runSequentially(SuiteRunner.java:371)
at org.testng.SuiteRunner.privateRun(SuiteRunner.java:332)
at org.testng.SuiteRunner.run(SuiteRunner.java:276)
at org.testng.SuiteRunnerWorker.runSuite(SuiteRunnerWorker.java:53)
at org.testng.SuiteRunnerWorker.run(SuiteRunnerWorker.java:96)
at org.testng.TestNG.runSuitesSequentially(TestNG.java:1212)
at org.testng.TestNG.runSuitesLocally(TestNG.java:1134)
at org.testng.TestNG.runSuites(TestNG.java:1063)
at org.testng.TestNG.run(TestNG.java:1031)
at org.testng.remote.AbstractRemoteTestNG.run(AbstractRemoteTestNG.java:115)
at org.testng.remote.RemoteTestNG.initAndRun(RemoteTestNG.java:251)
at org.testng.remote.RemoteTestNG.main(RemoteTestNG.java:77)
]]>
    </error>
  </testcase> <!-- launchBrowser -->
  <system-out/>
  <testcase classname="Testcases.VerifyCobrandingCustomer_HospitalRegisteration" name="registerCustomer" time="0.000">
    <skipped/>
  </testcase> <!-- registerCustomer -->
  <system-out/>
  <testcase classname="Testcases.VerifyCobrandingCustomer_HospitalRegisteration" name="VerifyCustomerRegisteration" time="0.000">
    <skipped/>
  </testcase> <!-- VerifyCustomerRegisteration -->
  <system-out/>
  <testcase classname="Testcases.VerifyCobrandingCustomer_HospitalRegisteration" name="verifyEditCustomer" time="0.000">
    <skipped/>
  </testcase> <!-- verifyEditCustomer -->
  <system-out/>
  <testcase classname="Testcases.VerifyCobrandingCustomer_HospitalRegisteration" name="verifyNewHospitalLogin" time="0.000">
    <skipped/>
  </testcase> <!-- verifyNewHospitalLogin -->
  <system-out/>
  <testcase classname="Testcases.VerifyCobrandingCustomer_HospitalRegisteration" name="AddClinic" time="0.000">
    <skipped/>
  </testcase> <!-- AddClinic -->
  <system-out/>
  <testcase classname="Testcases.VerifyCobrandingCustomer_HospitalRegisteration" name="addPatient" time="0.000">
    <skipped/>
  </testcase> <!-- addPatient -->
  <system-out/>
  <testcase classname="Testcases.VerifyCobrandingCustomer_HospitalRegisteration" name="validatePatientEmail" time="0.000">
    <skipped/>
  </testcase> <!-- validatePatientEmail -->
  <system-out/>
  <testcase classname="Testcases.VerifyCobrandingCustomer_HospitalRegisteration" name="cobrandingPatientSignup" time="0.000">
    <skipped/>
  </testcase> <!-- cobrandingPatientSignup -->
  <system-out/>
  <testcase classname="Testcases.VerifyCobrandingCustomer_HospitalRegisteration" name="loginToReactNative" time="0.000">
    <skipped/>
  </testcase> <!-- loginToReactNative -->
  <system-out/>
</testsuite> <!-- Testcases.VerifyCobrandingCustomer_HospitalRegisteration -->
