<?xml version="1.0" encoding="UTF-8"?>
<!-- Generated by org.testng.reporters.JUnitReportReporter -->
<testsuite hostname="DESKTOP-HEFKRQG" failures="1" tests="4" name="Testcases.StellaLiteCard" time="59.498" errors="0" timestamp="2022-02-28T04:51:51 GMT-05:00" skipped="0">
  <testcase classname="Testcases.StellaLiteCard" name="signInStellaLite" time="18.655"/>
  <system-out/>
  <testcase classname="Testcases.StellaLiteCard" name="CardsCheckStellaLitedesc" time="2.374"/>
  <system-out/>
  <testcase classname="Testcases.StellaLiteCard" name="launchhospitalportal" time="20.956"/>
  <system-out/>
  <testcase classname="Testcases.StellaLiteCard" name="checkcarddataonConfiguration" time="17.513">
    <failure message="array lengths differed, expected.length=7 actual.length=10" type="java.lang.AssertionError">
      <![CDATA[java.lang.AssertionError: array lengths differed, expected.length=7 actual.length=10
at org.junit.Assert.fail(Assert.java:88)
at org.junit.internal.ComparisonCriteria.assertArraysAreSameLength(ComparisonCriteria.java:71)
at org.junit.internal.ComparisonCriteria.arrayEquals(ComparisonCriteria.java:32)
at org.junit.Assert.internalArrayEquals(Assert.java:473)
at org.junit.Assert.assertArrayEquals(Assert.java:265)
at org.junit.Assert.assertArrayEquals(Assert.java:280)
at Testcases.StellaLiteCard.checkcarddataonConfiguration(StellaLiteCard.java:40)
at java.base/jdk.internal.reflect.NativeMethodAccessorImpl.invoke0(Native Method)
at java.base/jdk.internal.reflect.NativeMethodAccessorImpl.invoke(NativeMethodAccessorImpl.java:77)
at java.base/jdk.internal.reflect.DelegatingMethodAccessorImpl.invoke(DelegatingMethodAccessorImpl.java:43)
at java.base/java.lang.reflect.Method.invoke(Method.java:568)
at org.testng.internal.MethodInvocationHelper.invokeMethod(MethodInvocationHelper.java:133)
at org.testng.internal.TestInvoker.invokeMethod(TestInvoker.java:598)
at org.testng.internal.TestInvoker.invokeTestMethod(TestInvoker.java:173)
at org.testng.internal.MethodRunner.runInSequence(MethodRunner.java:46)
at org.testng.internal.TestInvoker$MethodInvocationAgent.invoke(TestInvoker.java:824)
at org.testng.internal.TestInvoker.invokeTestMethods(TestInvoker.java:146)
at org.testng.internal.TestMethodWorker.invokeTestMethods(TestMethodWorker.java:146)
at org.testng.internal.TestMethodWorker.run(TestMethodWorker.java:128)
at java.base/java.util.ArrayList.forEach(ArrayList.java:1511)
at org.testng.TestRunner.privateRun(TestRunner.java:794)
at org.testng.TestRunner.run(TestRunner.java:596)
at org.testng.SuiteRunner.runTest(SuiteRunner.java:377)
at org.testng.SuiteRunner.runSequentially(SuiteRunner.java:371)
at org.testng.SuiteRunner.privateRun(SuiteRunner.java:332)
at org.testng.SuiteRunner.run(SuiteRunner.java:276)
at org.testng.SuiteRunnerWorker.runSuite(SuiteRunnerWorker.java:53)
at org.testng.SuiteRunnerWorker.run(SuiteRunnerWorker.java:96)
at org.testng.TestNG.runSuitesSequentially(TestNG.java:1212)
at org.testng.TestNG.runSuitesLocally(TestNG.java:1134)
at org.testng.TestNG.runSuites(TestNG.java:1063)
at org.testng.TestNG.run(TestNG.java:1031)
at org.testng.remote.AbstractRemoteTestNG.run(AbstractRemoteTestNG.java:115)
at org.testng.remote.RemoteTestNG.initAndRun(RemoteTestNG.java:251)
at org.testng.remote.RemoteTestNG.main(RemoteTestNG.java:77)
]]>
    </failure>
  </testcase> <!-- checkcarddataonConfiguration -->
  <system-out/>
</testsuite> <!-- Testcases.StellaLiteCard -->
